[2024-07-30 12:04:13] This is codeql database index-files --include-extension=.xml --include-extension=.wsdd --size-limit 10m --language xml -- /Users/sdas/codeqldb/sample
[2024-07-30 12:04:13] Log file was started late.
[2024-07-30 12:04:13] Using index-files script /Users/sdas/codeql/codeql/xml/tools/index-files.sh.
[2024-07-30 12:04:13] [PROGRESS] database index-files> Scanning for files in /Users/sdas/codeql/sample/application...
[2024-07-30 12:04:13] Calling plumbing command: codeql resolve files --include-extension=.xml --include-extension=.wsdd --size-limit=10m /Users/sdas/codeql/sample/application --format=json
[2024-07-30 12:04:13] [PROGRESS] resolve files> Scanning /Users/sdas/codeql/sample/application...
[2024-07-30 12:04:13] [PROGRESS] resolve files> Scanning /Users/sdas/codeql/sample/application/target...
[2024-07-30 12:04:13] [PROGRESS] resolve files> Scanning /Users/sdas/codeql/sample/application/target/test-classes...
[2024-07-30 12:04:13] [PROGRESS] resolve files> Scanning /Users/sdas/codeql/sample/application/target/test-classes/com...
[2024-07-30 12:04:13] [PROGRESS] resolve files> Scanning /Users/sdas/codeql/sample/application/target/test-classes/com/hypredge...
[2024-07-30 12:04:13] [PROGRESS] resolve files> Scanning /Users/sdas/codeql/sample/application/target/generated-sources...
[2024-07-30 12:04:13] [PROGRESS] resolve files> Scanning /Users/sdas/codeql/sample/application/target/generated-sources/annotations...
[2024-07-30 12:04:13] [PROGRESS] resolve files> Scanning /Users/sdas/codeql/sample/application/target/classes...
[2024-07-30 12:04:13] [PROGRESS] resolve files> Scanning /Users/sdas/codeql/sample/application/target/classes/com...
[2024-07-30 12:04:13] [PROGRESS] resolve files> Scanning /Users/sdas/codeql/sample/application/target/classes/com/hypredge...
[2024-07-30 12:04:13] [PROGRESS] resolve files> Scanning /Users/sdas/codeql/sample/application/target/maven-status...
[2024-07-30 12:04:13] [PROGRESS] resolve files> Scanning /Users/sdas/codeql/sample/application/target/maven-status/maven-compiler-plugin...
[2024-07-30 12:04:13] [PROGRESS] resolve files> Scanning /Users/sdas/codeql/sample/application/target/maven-status/maven-compiler-plugin/testCompile...
[2024-07-30 12:04:13] [PROGRESS] resolve files> Scanning /Users/sdas/codeql/sample/application/target/maven-status/maven-compiler-plugin/testCompile/default-testCompile...
[2024-07-30 12:04:13] [PROGRESS] resolve files> Scanning /Users/sdas/codeql/sample/application/target/maven-status/maven-compiler-plugin/compile...
[2024-07-30 12:04:13] [PROGRESS] resolve files> Scanning /Users/sdas/codeql/sample/application/target/maven-status/maven-compiler-plugin/compile/default-compile...
[2024-07-30 12:04:13] [PROGRESS] resolve files> Scanning /Users/sdas/codeql/sample/application/target/maven-archiver...
[2024-07-30 12:04:13] [PROGRESS] resolve files> Scanning /Users/sdas/codeql/sample/application/target/generated-test-sources...
[2024-07-30 12:04:13] [PROGRESS] resolve files> Scanning /Users/sdas/codeql/sample/application/target/generated-test-sources/test-annotations...
[2024-07-30 12:04:13] [PROGRESS] resolve files> Scanning /Users/sdas/codeql/sample/application/.idea...
[2024-07-30 12:04:13] [PROGRESS] resolve files> Scanning /Users/sdas/codeql/sample/application/src...
[2024-07-30 12:04:13] [PROGRESS] resolve files> Scanning /Users/sdas/codeql/sample/application/src/test...
[2024-07-30 12:04:13] [PROGRESS] resolve files> Scanning /Users/sdas/codeql/sample/application/src/test/java...
[2024-07-30 12:04:13] [PROGRESS] resolve files> Scanning /Users/sdas/codeql/sample/application/src/test/java/com...
[2024-07-30 12:04:13] [PROGRESS] resolve files> Scanning /Users/sdas/codeql/sample/application/src/test/java/com/hypredge...
[2024-07-30 12:04:13] [PROGRESS] resolve files> Scanning /Users/sdas/codeql/sample/application/src/main...
[2024-07-30 12:04:13] [PROGRESS] resolve files> Scanning /Users/sdas/codeql/sample/application/src/main/java...
[2024-07-30 12:04:13] [PROGRESS] resolve files> Scanning /Users/sdas/codeql/sample/application/src/main/java/com...
[2024-07-30 12:04:13] [PROGRESS] resolve files> Scanning /Users/sdas/codeql/sample/application/src/main/java/com/hypredge...
[2024-07-30 12:04:13] Plumbing command codeql resolve files completed:
                      [
                        "/Users/sdas/codeql/sample/application/.idea/compiler.xml",
                        "/Users/sdas/codeql/sample/application/.idea/encodings.xml",
                        "/Users/sdas/codeql/sample/application/.idea/jarRepositories.xml",
                        "/Users/sdas/codeql/sample/application/.idea/misc.xml",
                        "/Users/sdas/codeql/sample/application/.idea/workspace.xml",
                        "/Users/sdas/codeql/sample/application/pom.xml"
                      ]
[2024-07-30 12:04:13] [DETAILS] database index-files> Found 6 files.
[2024-07-30 12:04:13] [PROGRESS] database index-files> /Users/sdas/codeqldb/sample: Indexing files in in /Users/sdas/codeql/sample/application...
[2024-07-30 12:04:13] Using index-files script /Users/sdas/codeql/codeql/xml/tools/index-files.sh.
[2024-07-30 12:04:13] [PROGRESS] database index-files> Running command in /Users/sdas/codeql/sample/application: [/Users/sdas/codeql/codeql/xml/tools/index-files.sh, /Users/sdas/codeqldb/sample/working/files-to-index13981876044282439239.list]
[2024-07-30 12:04:13] Terminating normally.
