[2024-07-30 17:02:26] This is codeql execute queries -J-Xmx6977M --off-heap-ram=8683 --verbosity=progress --logdir=/Users/sdas/codeqldb/sample/log --evaluator-log-level=5 --warnings=show --qlconfig-file=/Users/sdas/codeql/codeql-work/codeql-custom-queries-java/qlconfig.yml -- /Users/sdas/codeqldb/sample/db-java path:/Users/sdas/codeql/codeql-work/codeql-custom-queries-java/sample.ql
[2024-07-30 17:02:26] Calling plumbing command: codeql resolve queries --qlconfig-file=/Users/sdas/codeql/codeql-work/codeql-custom-queries-java/qlconfig.yml --format=json -- path:/Users/sdas/codeql/codeql-work/codeql-custom-queries-java/sample.ql
[2024-07-30 17:02:27] [PROGRESS] resolve queries> Recording pack reference getting-started/codeql-extra-queries-java at /Users/sdas/codeql/codeql-work/codeql-custom-queries-java.
[2024-07-30 17:02:27] Plumbing command codeql resolve queries completed:
                      [
                        "/Users/sdas/codeql/codeql-work/codeql-custom-queries-java/sample.ql"
                      ]
[2024-07-30 17:02:27] Creating executor with 1 threads.
[2024-07-30 17:02:27] Exception caught at top level: Error initializing the IMB disk cache: the cache directory is already locked by another running process. Only one instance of the IMB can access a cache directory at a time. The lock file is located at /Users/sdas/codeqldb/sample/db-java/default/cache/.lock
                      (eventual cause: OverlappingFileLockException)
                      com.semmle.inmemory.caching.RelationCacheImpl.takeFilesystemLock(RelationCacheImpl.java:362)
                      com.semmle.inmemory.caching.RelationCacheImpl.create(RelationCacheImpl.java:114)
                      com.semmle.inmemory.scheduler.EvaluationSchedule.<init>(EvaluationSchedule.java:91)
                      com.semmle.inmemory.caching.RelationManager.<init>(RelationManager.java:64)
                      com.semmle.inmemory.MemoryBackend.<init>(MemoryBackend.java:129)
                      com.semmle.cli2.ql.EvaluationCommon.<init>(EvaluationCommon.java:101)
                      com.semmle.cli2.ql.EvaluationCommon.<init>(EvaluationCommon.java:71)
                      com.semmle.cli2.execute.ExecuteQueriesCommand.executeSubcommand(ExecuteQueriesCommand.java:472)
                      com.semmle.cli2.picocli.SubcommandCommon.lambda$executeSubcommandWithMessages$5(SubcommandCommon.java:863)
                      com.semmle.cli2.picocli.SubcommandCommon.withCompilationMessages(SubcommandCommon.java:442)
                      com.semmle.cli2.picocli.SubcommandCommon.executeSubcommandWithMessages(SubcommandCommon.java:861)
                      com.semmle.cli2.picocli.SubcommandCommon.toplevelMain(SubcommandCommon.java:745)
                      com.semmle.cli2.picocli.SubcommandCommon.call(SubcommandCommon.java:726)
                      com.semmle.cli2.picocli.SubcommandMaker.runMain(SubcommandMaker.java:237)
                      com.semmle.cli2.picocli.SubcommandMaker.runMain(SubcommandMaker.java:257)
                      com.semmle.cli2.CodeQL.main(CodeQL.java:115)
                      
                       ... caused by:
                      
                      java.nio.channels.OverlappingFileLockException
                      com.semmle.util.files.FileSystemLock.<init>(FileSystemLock.java:74)
                      com.semmle.inmemory.caching.RelationCacheImpl.takeFilesystemLock(RelationCacheImpl.java:358)
                      com.semmle.inmemory.caching.RelationCacheImpl.create(RelationCacheImpl.java:114)
                      com.semmle.inmemory.scheduler.EvaluationSchedule.<init>(EvaluationSchedule.java:91)
                      com.semmle.inmemory.caching.RelationManager.<init>(RelationManager.java:64)
                      com.semmle.inmemory.MemoryBackend.<init>(MemoryBackend.java:129)
                      com.semmle.cli2.ql.EvaluationCommon.<init>(EvaluationCommon.java:101)
                      com.semmle.cli2.ql.EvaluationCommon.<init>(EvaluationCommon.java:71)
                      com.semmle.cli2.execute.ExecuteQueriesCommand.executeSubcommand(ExecuteQueriesCommand.java:472)
                      com.semmle.cli2.picocli.SubcommandCommon.lambda$executeSubcommandWithMessages$5(SubcommandCommon.java:863)
                      com.semmle.cli2.picocli.SubcommandCommon.withCompilationMessages(SubcommandCommon.java:442)
                      com.semmle.cli2.picocli.SubcommandCommon.executeSubcommandWithMessages(SubcommandCommon.java:861)
                      com.semmle.cli2.picocli.SubcommandCommon.toplevelMain(SubcommandCommon.java:745)
                      com.semmle.cli2.picocli.SubcommandCommon.call(SubcommandCommon.java:726)
                      com.semmle.cli2.picocli.SubcommandMaker.runMain(SubcommandMaker.java:237)
                      com.semmle.cli2.picocli.SubcommandMaker.runMain(SubcommandMaker.java:257)
                      com.semmle.cli2.CodeQL.main(CodeQL.java:115)
