[2024-07-30 17:10:19] [javac-extractor-39797] Starting extraction for:
                                              sun.java.command=com.semmle.extractor.java.JavaExtractor --jdk-version 17 --javac-args @@@/Users/sdas/codeqldb/sample/log/ext/javac-11.args
                                              user.dir=/Users/sdas/codeql/sample/application
[2024-07-30 17:10:19] [javac-extractor-39797] Compilation name /Users/sdas/codeqldb/sample/trap/java/diagnostics/diagnostic-1.trap.gz
[2024-07-30 17:10:19] [javac-extractor-39797] [WARN] Appending source destination directory /Users/sdas/codeql/sample/application/target/generated-test-sources/test-annotations to sourcepath
[2024-07-30 17:10:20] [javac-extractor-39797] Annotation processor class 'lombok.launch.AnnotationProcessorHider$AnnotationProcessor' initialized.
[2024-07-30 17:10:20] [javac-extractor-39797] Annotation processor class 'lombok.launch.AnnotationProcessorHider$ClaimingProcessor' initialized.
[2024-07-30 17:10:20] [javac-extractor-39797] Processing file /Users/sdas/codeql/sample/application/src/test/java/com/hypredge/AppTest.java
[2024-07-30 17:10:20] [javac-extractor-39797] [WARN] Not rewriting trap file for /Users/sdas/codeqldb/sample/trap/java/classes/java/lang/Object.members/Object.members#61.0-1704835095000-java.trap.gz as it exists
[2024-07-30 17:10:20] [javac-extractor-39797] [WARN] Not rewriting trap file for /Users/sdas/codeqldb/sample/trap/java/classes/java/lang/String.members/String.members#61.0-1704835095000-java.trap.gz as it exists
[2024-07-30 17:10:20] [javac-extractor-39797] [WARN] Not rewriting trap file for /Users/sdas/codeqldb/sample/trap/java/classes/java/lang/Cloneable.members/Cloneable.members#61.0-1704835095000-java.trap.gz as it exists
[2024-07-30 17:10:20] [javac-extractor-39797] [WARN] Not rewriting trap file for /Users/sdas/codeqldb/sample/trap/java/classes/java/io/Serializable.members/Serializable.members#61.0-1704835095000-java.trap.gz as it exists
[2024-07-30 17:10:20] [javac-extractor-39797] [WARN] Not rewriting trap file for /Users/sdas/codeqldb/sample/trap/java/classes/java/lang/Deprecated.members/Deprecated.members#61.0-1704835095000-java.trap.gz as it exists
[2024-07-30 17:10:20] [javac-extractor-39797] [WARN] Not rewriting trap file for /Users/sdas/codeqldb/sample/trap/java/classes/java/lang/annotation/Annotation.members/Annotation.members#61.0-1704835095000-java.trap.gz as it exists
[2024-07-30 17:10:20] [javac-extractor-39797] [WARN] Not rewriting trap file for /Users/sdas/codeqldb/sample/trap/java/classes/java/lang/annotation/Retention.members/Retention.members#61.0-1704835095000-java.trap.gz as it exists
[2024-07-30 17:10:20] [javac-extractor-39797] [WARN] Not rewriting trap file for /Users/sdas/codeqldb/sample/trap/java/classes/java/lang/annotation/RetentionPolicy.members/RetentionPolicy.members#61.0-1704835095000-java.trap.gz as it exists
[2024-07-30 17:10:20] [javac-extractor-39797] [WARN] Not rewriting trap file for /Users/sdas/codeqldb/sample/trap/java/classes/java/lang/annotation/Target.members/Target.members#61.0-1704835095000-java.trap.gz as it exists
[2024-07-30 17:10:20] [javac-extractor-39797] [WARN] Not rewriting trap file for /Users/sdas/codeqldb/sample/trap/java/classes/java/lang/annotation/ElementType.members/ElementType.members#61.0-1704835095000-java.trap.gz as it exists
[2024-07-30 17:10:20] [javac-extractor-39797] [WARN] Not rewriting trap file for /Users/sdas/codeqldb/sample/trap/java/classes/java/lang/Class.members/Class.members#61.0-1704835095000-java.trap.gz as it exists
[2024-07-30 17:10:20] [javac-extractor-39797] [WARN] Not rewriting trap file for /Users/sdas/codeqldb/sample/trap/java/classes/java/lang/reflect/GenericDeclaration.members/GenericDeclaration.members#61.0-1704835095000-java.trap.gz as it exists
[2024-07-30 17:10:20] [javac-extractor-39797] [WARN] Not rewriting trap file for /Users/sdas/codeqldb/sample/trap/java/classes/java/lang/reflect/Type.members/Type.members#61.0-1704835095000-java.trap.gz as it exists
[2024-07-30 17:10:20] [javac-extractor-39797] [WARN] Not rewriting trap file for /Users/sdas/codeqldb/sample/trap/java/classes/java/lang/reflect/AnnotatedElement.members/AnnotatedElement.members#61.0-1704835095000-java.trap.gz as it exists
[2024-07-30 17:10:20] [javac-extractor-39797] [WARN] Not rewriting trap file for /Users/sdas/codeqldb/sample/trap/java/classes/java/lang/invoke/TypeDescriptor$OfField.members/TypeDescriptor$OfField.members#61.0-1704835095000-java.trap.gz as it exists
[2024-07-30 17:10:20] [javac-extractor-39797] [WARN] Not rewriting trap file for /Users/sdas/codeqldb/sample/trap/java/classes/java/lang/invoke/TypeDescriptor.members/TypeDescriptor.members#61.0-1704835095000-java.trap.gz as it exists
[2024-07-30 17:10:20] [javac-extractor-39797] [WARN] Not rewriting trap file for /Users/sdas/codeqldb/sample/trap/java/classes/java/lang/constant/Constable.members/Constable.members#61.0-1704835095000-java.trap.gz as it exists
[2024-07-30 17:10:20] [javac-extractor-39797] [WARN] Not rewriting trap file for /Users/sdas/codeqldb/sample/trap/java/classes/java/lang/Throwable.members/Throwable.members#61.0-1704835095000-java.trap.gz as it exists
[2024-07-30 17:10:20] [javac-extractor-39797] [WARN] Not rewriting trap file for /Users/sdas/codeqldb/sample/trap/java/classes/java/lang/Iterable.members/Iterable.members#61.0-1704835095000-java.trap.gz as it exists
[2024-07-30 17:10:20] [javac-extractor-39797] [WARN] Not rewriting trap file for /Users/sdas/codeqldb/sample/trap/java/classes/java/lang/Error.members/Error.members#61.0-1704835095000-java.trap.gz as it exists
[2024-07-30 17:10:20] [javac-extractor-39797] Processing JAR file: /Users/sdas/.m2/repository/junit/junit/4.11/junit-4.11.jar
[2024-07-30 17:10:20] [javac-extractor-39797] Processing JAR file: /Users/sdas/.m2/repository/org/hamcrest/hamcrest-core/1.3/hamcrest-core-1.3.jar
[2024-07-30 17:10:20] [javac-extractor-39797] Javac init time: 0.5s
[2024-07-30 17:10:20] [javac-extractor-39797] Javac attr time: 0.0s
[2024-07-30 17:10:20] [javac-extractor-39797] Extractor time: 0.0s
[2024-07-30 17:10:20] [javac-extractor-39797] Other time: 0.1s
[2024-07-30 17:10:20] [javac-extractor-39797] Total time: 0.6s
